Arguments: 
  /Users/philipaw/.nvm/versions/node/v8.16.0/bin/node /Users/philipaw/.yarn/bin/yarn.js init

PATH: 
  /Users/philipaw/.yarn/bin:/Users/philipaw/.config/yarn/global/node_modules/.bin:/Users/philipaw/.rbenv/shims:/Users/philipaw/.nvm/versions/node/v8.16.0/bin:/usr/local/bin:/usr/bin:/bin:/usr/sbin:/sbin:/usr/local/opt/fzf/bin:/Users/philipaw/.cargo/bin

Yarn version: 
  1.17.3

Node version: 
  8.16.0

Platform: 
  darwin x64

Trace: 
  Error: canceled
      at Interface.<anonymous> (/Users/philipaw/.yarn/lib/cli.js:136724:13)
      at emitNone (events.js:106:13)
      at Interface.emit (events.js:208:7)
      at Interface._ttyWrite (readline.js:774:16)
      at ReadStream.onkeypress (readline.js:158:10)
      at emitTwo (events.js:126:13)
      at ReadStream.emit (events.js:214:7)
      at emitKeys (internal/readline.js:420:14)
      at emitKeys.next (<anonymous>)
      at ReadStream.onData (readline.js:1010:36)

npm manifest: 
  No manifest

yarn manifest: 
  No manifest

Lockfile: 
  No lockfile
